[debug] [2023-11-22T19:56:21.326Z] ----------------------------------------------------------------------
[debug] [2023-11-22T19:56:21.328Z] Command:       C:\Program Files\nodejs\node.exe C:\Users\souln\AppData\Roaming\npm\node_modules\firebase-tools\lib\bin\firebase.js login
[debug] [2023-11-22T19:56:21.329Z] CLI Version:   12.9.1
[debug] [2023-11-22T19:56:21.329Z] Platform:      win32
[debug] [2023-11-22T19:56:21.329Z] Node Version:  v21.0.0
[debug] [2023-11-22T19:56:21.329Z] Time:          Wed Nov 22 2023 21:56:21 GMT+0200 (за східноєвропейським стандартним часом)
[debug] [2023-11-22T19:56:21.329Z] ----------------------------------------------------------------------
[debug] 
[info] i  Firebase optionally collects CLI and Emulator Suite usage and error reporting information to help improve our products. Data is collected in accordance with Google's privacy policy (https://policies.google.com/privacy) and is not used to identify you.
 
[info] i  To change your data collection preference at any time, run `firebase logout` and log in again. 
[info] 
[info] Visit this URL on this device to log in:
[info] https://accounts.google.com/o/oauth2/auth?client_id=563584335869-fgrhgmd47bqnekij5i8b5pr03ho849e6.apps.googleusercontent.com&scope=email%20openid%20https%3A%2F%2Fwww.googleapis.com%2Fauth%2Fcloudplatformprojects.readonly%20https%3A%2F%2Fwww.googleapis.com%2Fauth%2Ffirebase%20https%3A%2F%2Fwww.googleapis.com%2Fauth%2Fcloud-platform&response_type=code&state=619212094&redirect_uri=http%3A%2F%2Flocalhost%3A9005
[info] 
[info] Waiting for authentication...
[debug] [2023-11-22T20:01:38.943Z] ----------------------------------------------------------------------
[debug] [2023-11-22T20:01:38.946Z] Command:       C:\Program Files\nodejs\node.exe C:\Users\souln\AppData\Roaming\npm\node_modules\firebase-tools\lib\bin\firebase.js login
[debug] [2023-11-22T20:01:38.946Z] CLI Version:   12.9.1
[debug] [2023-11-22T20:01:38.946Z] Platform:      win32
[debug] [2023-11-22T20:01:38.946Z] Node Version:  v21.0.0
[debug] [2023-11-22T20:01:38.947Z] Time:          Wed Nov 22 2023 22:01:38 GMT+0200 (за східноєвропейським стандартним часом)
[debug] [2023-11-22T20:01:38.947Z] ----------------------------------------------------------------------
[debug] 
[info] i  Firebase optionally collects CLI and Emulator Suite usage and error reporting information to help improve our products. Data is collected in accordance with Google's privacy policy (https://policies.google.com/privacy) and is not used to identify you.
 
[info] i  To change your data collection preference at any time, run `firebase logout` and log in again. 
[info] 
[info] Visit this URL on this device to log in:
[info] https://accounts.google.com/o/oauth2/auth?client_id=563584335869-fgrhgmd47bqnekij5i8b5pr03ho849e6.apps.googleusercontent.com&scope=email%20openid%20https%3A%2F%2Fwww.googleapis.com%2Fauth%2Fcloudplatformprojects.readonly%20https%3A%2F%2Fwww.googleapis.com%2Fauth%2Ffirebase%20https%3A%2F%2Fwww.googleapis.com%2Fauth%2Fcloud-platform&response_type=code&state=155693467&redirect_uri=http%3A%2F%2Flocalhost%3A9005
[info] 
[info] Waiting for authentication...
[debug] [2023-11-22T20:02:35.157Z] ----------------------------------------------------------------------
[debug] [2023-11-22T20:02:35.160Z] Command:       C:\Program Files\nodejs\node.exe C:\Users\souln\AppData\Roaming\npm\node_modules\firebase-tools\lib\bin\firebase.js login --reauth
[debug] [2023-11-22T20:02:35.160Z] CLI Version:   12.9.1
[debug] [2023-11-22T20:02:35.160Z] Platform:      win32
[debug] [2023-11-22T20:02:35.160Z] Node Version:  v21.0.0
[debug] [2023-11-22T20:02:35.161Z] Time:          Wed Nov 22 2023 22:02:35 GMT+0200 (за східноєвропейським стандартним часом)
[debug] [2023-11-22T20:02:35.161Z] ----------------------------------------------------------------------
[debug] 
[info] 
[info] Visit this URL on this device to log in:
[info] https://accounts.google.com/o/oauth2/auth?client_id=563584335869-fgrhgmd47bqnekij5i8b5pr03ho849e6.apps.googleusercontent.com&scope=email%20openid%20https%3A%2F%2Fwww.googleapis.com%2Fauth%2Fcloudplatformprojects.readonly%20https%3A%2F%2Fwww.googleapis.com%2Fauth%2Ffirebase%20https%3A%2F%2Fwww.googleapis.com%2Fauth%2Fcloud-platform&response_type=code&state=238217696&redirect_uri=http%3A%2F%2Flocalhost%3A9005
[info] 
[info] Waiting for authentication...
[debug] [2023-11-22T20:06:47.639Z] ----------------------------------------------------------------------
[debug] [2023-11-22T20:06:47.642Z] Command:       C:\Program Files\nodejs\node.exe C:\Users\souln\AppData\Roaming\npm\node_modules\firebase-tools\lib\bin\firebase.js login --reauth
[debug] [2023-11-22T20:06:47.642Z] CLI Version:   12.9.1
[debug] [2023-11-22T20:06:47.642Z] Platform:      win32
[debug] [2023-11-22T20:06:47.642Z] Node Version:  v21.0.0
[debug] [2023-11-22T20:06:47.643Z] Time:          Wed Nov 22 2023 22:06:47 GMT+0200 (за східноєвропейським стандартним часом)
[debug] [2023-11-22T20:06:47.643Z] ----------------------------------------------------------------------
[debug] 
[info] 
[info] Visit this URL on this device to log in:
[info] https://accounts.google.com/o/oauth2/auth?client_id=563584335869-fgrhgmd47bqnekij5i8b5pr03ho849e6.apps.googleusercontent.com&scope=email%20openid%20https%3A%2F%2Fwww.googleapis.com%2Fauth%2Fcloudplatformprojects.readonly%20https%3A%2F%2Fwww.googleapis.com%2Fauth%2Ffirebase%20https%3A%2F%2Fwww.googleapis.com%2Fauth%2Fcloud-platform&response_type=code&state=996608559&redirect_uri=http%3A%2F%2Flocalhost%3A9005
[info] 
[info] Waiting for authentication...
